"clang -I../../../.ext/include/-darwin23 -I../../.././include -I../../.././ext/io/wait -D_XOPEN_SOURCE -D_DARWIN_C_SOURCE -D_DARWIN_UNLIMITED_SELECT -D_REENTRANT   -O3 -ggdb3 -Wall -Wextra -Wdeprecated-declarations -Wdivision-by-zero -Wimplicit-function-declaration -Wimplicit-int -Wmisleading-indentation -Wpointer-arith -Wshorten-64-to-32 -Wwrite-strings -Wmissing-noreturn -Wno-cast-function-type -Wno-constant-logical-operand -Wno-long-long -Wno-missing-field-initializers -Wno-overlength-strings -Wno-parentheses-equality -Wno-self-assign -Wno-tautological-compare -Wno-unused-parameter -Wno-unused-value -Wunused-variable -Wextra-tokens  -pipe   -c conftest.c"
conftest.c:6:3: error: 
# error
  ^
conftest.c:7:1: error: expected identifier or '('
|:/ === DOSISH undefined === /:|
^
2 errors generated.
checked program was:
/* begin */
1: #include "ruby.h"
2: 
3: #include <ruby.h>
4: /*top*/
5: #ifndef DOSISH
6: # error
7: |:/ === DOSISH undefined === /:|
8: #endif
/* end */

have_header: checking for sys/ioctl.h... -------------------- yes

"clang -E -I../../../.ext/include/-darwin23 -I../../.././include -I../../.././ext/io/wait -D_XOPEN_SOURCE -D_DARWIN_C_SOURCE -D_DARWIN_UNLIMITED_SELECT -D_REENTRANT   -O3 -ggdb3 -Wall -Wextra -Wdeprecated-declarations -Wdivision-by-zero -Wimplicit-function-declaration -Wimplicit-int -Wmisleading-indentation -Wpointer-arith -Wshorten-64-to-32 -Wwrite-strings -Wmissing-noreturn -Wno-cast-function-type -Wno-constant-logical-operand -Wno-long-long -Wno-missing-field-initializers -Wno-overlength-strings -Wno-parentheses-equality -Wno-self-assign -Wno-tautological-compare -Wno-unused-parameter -Wno-unused-value -Wunused-variable -Wextra-tokens  -pipe  conftest.c -o conftest.i"
checked program was:
/* begin */
1: #include "ruby.h"
2: 
3: #include <sys/ioctl.h>
/* end */

--------------------

have_macro: checking for FIONREAD in sys/ioctl.h,sys/ioctl.h... -------------------- yes

"clang -I../../../.ext/include/-darwin23 -I../../.././include -I../../.././ext/io/wait -D_XOPEN_SOURCE -D_DARWIN_C_SOURCE -D_DARWIN_UNLIMITED_SELECT -D_REENTRANT   -O3 -ggdb3 -Wall -Wextra -Wdeprecated-declarations -Wdivision-by-zero -Wimplicit-function-declaration -Wimplicit-int -Wmisleading-indentation -Wpointer-arith -Wshorten-64-to-32 -Wwrite-strings -Wmissing-noreturn -Wno-cast-function-type -Wno-constant-logical-operand -Wno-long-long -Wno-missing-field-initializers -Wno-overlength-strings -Wno-parentheses-equality -Wno-self-assign -Wno-tautological-compare -Wno-unused-parameter -Wno-unused-value -Wunused-variable -Wextra-tokens  -pipe   -c conftest.c"
checked program was:
/* begin */
1: #include "ruby.h"
2: 
3: #include <sys/ioctl.h>
4: #include <sys/ioctl.h>
5: /*top*/
6: #ifndef FIONREAD
7: # error
8: |:/ === FIONREAD undefined === /:|
9: #endif
/* end */

--------------------

extconf.h is:
/* begin */
1: #ifndef EXTCONF_H
2: #define EXTCONF_H
3: #define HAVE_SYS_IOCTL_H 1
4: #define FIONREAD_HEADER <sys/ioctl.h>
5: #endif
/* end */

